[0m22:46:00.739986 [debug] [MainThread]: Sending event: {'category': 'dbt', 'action': 'invocation', 'label': 'start', 'context': [<snowplow_tracker.self_describing_json.SelfDescribingJson object at 0x000001ECFEAAC5F0>, <snowplow_tracker.self_describing_json.SelfDescribingJson object at 0x000001ECFEAAFD40>, <snowplow_tracker.self_describing_json.SelfDescribingJson object at 0x000001ECFEAAEBA0>]}


============================== 22:46:00.745988 | af18be7d-e378-4273-a707-ed44b825ee7e ==============================
[0m22:46:00.745988 [info ] [MainThread]: Running with dbt=1.7.17
[0m22:46:00.746988 [debug] [MainThread]: running dbt with arguments {'printer_width': '80', 'indirect_selection': 'eager', 'write_json': 'True', 'log_cache_events': 'False', 'partial_parse': 'True', 'cache_selected_only': 'False', 'profiles_dir': 'C:\\Users\\Arthur Coutinho\\.dbt', 'fail_fast': 'False', 'debug': 'False', 'log_path': 'logs', 'warn_error': 'None', 'version_check': 'True', 'use_colors': 'True', 'use_experimental_parser': 'False', 'no_print': 'None', 'quiet': 'False', 'log_format': 'default', 'static_parser': 'True', 'warn_error_options': 'WarnErrorOptions(include=[], exclude=[])', 'introspect': 'True', 'target_path': 'None', 'invocation_command': 'dbt init', 'send_anonymous_usage_stats': 'True'}
[0m22:46:07.518622 [debug] [MainThread]: Starter project path: C:\Users\Arthur Coutinho\Desktop\Arthur Coutinho\Python\ETL-dbt\venv\Lib\site-packages\dbt\include\starter_project
[0m22:46:07.551698 [info ] [MainThread]: 
Your new dbt project "datawarehouse" was created!

For more information on how to configure the profiles.yml file,
please consult the dbt documentation here:

  https://docs.getdbt.com/docs/configure-your-profile

One more thing:

Need help? Don't hesitate to reach out to us via GitHub issues or on Slack:

  https://community.getdbt.com/

Happy modeling!

[0m22:46:07.553708 [info ] [MainThread]: Setting up your profile.
[0m22:46:37.404817 [error] [MainThread]: Encountered an error:

[0m22:46:37.407314 [error] [MainThread]: Traceback (most recent call last):
  File "C:\Users\Arthur Coutinho\Desktop\Arthur Coutinho\Python\ETL-dbt\venv\Lib\site-packages\dbt\cli\requires.py", line 91, in wrapper
    result, success = func(*args, **kwargs)
                      ^^^^^^^^^^^^^^^^^^^^^
  File "C:\Users\Arthur Coutinho\Desktop\Arthur Coutinho\Python\ETL-dbt\venv\Lib\site-packages\dbt\cli\requires.py", line 76, in wrapper
    return func(*args, **kwargs)
           ^^^^^^^^^^^^^^^^^^^^^
  File "C:\Users\Arthur Coutinho\Desktop\Arthur Coutinho\Python\ETL-dbt\venv\Lib\site-packages\dbt\cli\main.py", line 516, in init
    results = task.run()
              ^^^^^^^^^^
  File "C:\Users\Arthur Coutinho\Desktop\Arthur Coutinho\Python\ETL-dbt\venv\Lib\site-packages\dbt\task\init.py", line 344, in run
    self.setup_profile(profile_name)
  File "C:\Users\Arthur Coutinho\Desktop\Arthur Coutinho\Python\ETL-dbt\venv\Lib\site-packages\dbt\task\init.py", line 250, in setup_profile
    if not self.check_if_can_write_profile(profile_name=profile_name):
           ^^^^^^^^^^^^^^^^^^^^^^^^^^^^^^^^^^^^^^^^^^^^^^^^^^^^^^^^^^
  File "C:\Users\Arthur Coutinho\Desktop\Arthur Coutinho\Python\ETL-dbt\venv\Lib\site-packages\dbt\task\init.py", line 213, in check_if_can_write_profile
    response = click.confirm(
               ^^^^^^^^^^^^^^
  File "C:\Users\Arthur Coutinho\Desktop\Arthur Coutinho\Python\ETL-dbt\venv\Lib\site-packages\click\termui.py", line 235, in confirm
    raise Abort() from None
click.exceptions.Abort

[0m22:46:37.409350 [debug] [MainThread]: Command `dbt init` failed at 22:46:37.409350 after 36.80 seconds
[0m22:46:37.410343 [debug] [MainThread]: Sending event: {'category': 'dbt', 'action': 'invocation', 'label': 'end', 'context': [<snowplow_tracker.self_describing_json.SelfDescribingJson object at 0x000001ECFE9674D0>, <snowplow_tracker.self_describing_json.SelfDescribingJson object at 0x000001ECFE965A30>, <snowplow_tracker.self_describing_json.SelfDescribingJson object at 0x000001ECFE90F260>]}
[0m22:46:37.410343 [debug] [MainThread]: Flushing usage events
[0m22:46:52.184656 [debug] [MainThread]: Sending event: {'category': 'dbt', 'action': 'invocation', 'label': 'start', 'context': [<snowplow_tracker.self_describing_json.SelfDescribingJson object at 0x0000022D0152C6E0>, <snowplow_tracker.self_describing_json.SelfDescribingJson object at 0x0000022D00BA9AF0>, <snowplow_tracker.self_describing_json.SelfDescribingJson object at 0x0000022D0152C950>]}


============================== 22:46:52.189117 | e3a8ff85-0ae1-4723-b7e2-a16f7cff0607 ==============================
[0m22:46:52.189117 [info ] [MainThread]: Running with dbt=1.7.17
[0m22:46:52.190117 [debug] [MainThread]: running dbt with arguments {'printer_width': '80', 'indirect_selection': 'eager', 'write_json': 'True', 'log_cache_events': 'False', 'partial_parse': 'True', 'cache_selected_only': 'False', 'profiles_dir': 'C:\\Users\\Arthur Coutinho\\.dbt', 'version_check': 'True', 'warn_error': 'None', 'log_path': 'logs', 'fail_fast': 'False', 'debug': 'False', 'use_colors': 'True', 'use_experimental_parser': 'False', 'no_print': 'None', 'quiet': 'False', 'warn_error_options': 'WarnErrorOptions(include=[], exclude=[])', 'static_parser': 'True', 'invocation_command': 'dbt init', 'log_format': 'default', 'target_path': 'None', 'introspect': 'True', 'send_anonymous_usage_stats': 'True'}
[0m22:46:58.983080 [debug] [MainThread]: Starter project path: C:\Users\Arthur Coutinho\Desktop\Arthur Coutinho\Python\ETL-dbt\venv\Lib\site-packages\dbt\include\starter_project
[0m22:46:59.010152 [info ] [MainThread]: 
Your new dbt project "datawarehouse" was created!

For more information on how to configure the profiles.yml file,
please consult the dbt documentation here:

  https://docs.getdbt.com/docs/configure-your-profile

One more thing:

Need help? Don't hesitate to reach out to us via GitHub issues or on Slack:

  https://community.getdbt.com/

Happy modeling!

[0m22:46:59.011144 [info ] [MainThread]: Setting up your profile.
[0m22:47:47.797955 [debug] [MainThread]: Command `dbt init` succeeded at 22:47:47.796927 after 55.68 seconds
[0m22:47:47.797955 [debug] [MainThread]: Sending event: {'category': 'dbt', 'action': 'invocation', 'label': 'end', 'context': [<snowplow_tracker.self_describing_json.SelfDescribingJson object at 0x0000022D0143CA70>, <snowplow_tracker.self_describing_json.SelfDescribingJson object at 0x0000022D0104F860>, <snowplow_tracker.self_describing_json.SelfDescribingJson object at 0x0000022D01933F50>]}
[0m22:47:47.798963 [debug] [MainThread]: Flushing usage events
[0m22:51:35.086836 [debug] [MainThread]: Sending event: {'category': 'dbt', 'action': 'invocation', 'label': 'start', 'context': [<snowplow_tracker.self_describing_json.SelfDescribingJson object at 0x000002A39F08C710>, <snowplow_tracker.self_describing_json.SelfDescribingJson object at 0x000002A39ECC30E0>, <snowplow_tracker.self_describing_json.SelfDescribingJson object at 0x000002A39F08FA40>]}


============================== 22:51:35.092189 | a0b1d5d3-0868-42a3-a13f-da921f8ab5c5 ==============================
[0m22:51:35.092189 [info ] [MainThread]: Running with dbt=1.7.17
[0m22:51:35.093180 [debug] [MainThread]: running dbt with arguments {'printer_width': '80', 'indirect_selection': 'eager', 'log_cache_events': 'False', 'write_json': 'True', 'partial_parse': 'True', 'cache_selected_only': 'False', 'warn_error': 'None', 'fail_fast': 'False', 'profiles_dir': 'C:\\Users\\Arthur Coutinho\\.dbt', 'log_path': 'logs', 'version_check': 'True', 'debug': 'False', 'use_colors': 'True', 'use_experimental_parser': 'False', 'no_print': 'None', 'quiet': 'False', 'warn_error_options': 'WarnErrorOptions(include=[], exclude=[])', 'static_parser': 'True', 'invocation_command': 'dbt debug', 'log_format': 'default', 'target_path': 'None', 'introspect': 'True', 'send_anonymous_usage_stats': 'True'}
[0m22:51:35.094181 [info ] [MainThread]: dbt version: 1.7.17
[0m22:51:35.094181 [info ] [MainThread]: python version: 3.12.0
[0m22:51:35.095191 [info ] [MainThread]: python path: C:\Users\Arthur Coutinho\Desktop\Arthur Coutinho\Python\ETL-dbt\venv\Scripts\python.exe
[0m22:51:35.095191 [info ] [MainThread]: os info: Windows-11-10.0.22631-SP0
[0m22:51:35.191159 [info ] [MainThread]: Using profiles dir at C:\Users\Arthur Coutinho\.dbt
[0m22:51:35.192142 [info ] [MainThread]: Using profiles.yml file at C:\Users\Arthur Coutinho\.dbt\profiles.yml
[0m22:51:35.192142 [info ] [MainThread]: Using dbt_project.yml file at C:\Users\Arthur Coutinho\Desktop\Arthur Coutinho\Python\ETL-dbt\dbt_project.yml
[0m22:51:35.193142 [info ] [MainThread]: Configuration:
[0m22:51:35.193142 [info ] [MainThread]:   profiles.yml file [[31mERROR invalid[0m]
[0m22:51:35.194172 [info ] [MainThread]:   dbt_project.yml file [[31mERROR not found[0m]
[0m22:51:35.195150 [info ] [MainThread]: Required dependencies:
[0m22:51:35.195150 [debug] [MainThread]: Executing "git --help"
[0m22:51:35.247004 [debug] [MainThread]: STDOUT: "b"usage: git [-v | --version] [-h | --help] [-C <path>] [-c <name>=<value>]\n           [--exec-path[=<path>]] [--html-path] [--man-path] [--info-path]\n           [-p | --paginate | -P | --no-pager] [--no-replace-objects] [--bare]\n           [--git-dir=<path>] [--work-tree=<path>] [--namespace=<name>]\n           [--super-prefix=<path>] [--config-env=<name>=<envvar>]\n           <command> [<args>]\n\nThese are common Git commands used in various situations:\n\nstart a working area (see also: git help tutorial)\n   clone     Clone a repository into a new directory\n   init      Create an empty Git repository or reinitialize an existing one\n\nwork on the current change (see also: git help everyday)\n   add       Add file contents to the index\n   mv        Move or rename a file, a directory, or a symlink\n   restore   Restore working tree files\n   rm        Remove files from the working tree and from the index\n\nexamine the history and state (see also: git help revisions)\n   bisect    Use binary search to find the commit that introduced a bug\n   diff      Show changes between commits, commit and working tree, etc\n   grep      Print lines matching a pattern\n   log       Show commit logs\n   show      Show various types of objects\n   status    Show the working tree status\n\ngrow, mark and tweak your common history\n   branch    List, create, or delete branches\n   commit    Record changes to the repository\n   merge     Join two or more development histories together\n   rebase    Reapply commits on top of another base tip\n   reset     Reset current HEAD to the specified state\n   switch    Switch branches\n   tag       Create, list, delete or verify a tag object signed with GPG\n\ncollaborate (see also: git help workflows)\n   fetch     Download objects and refs from another repository\n   pull      Fetch from and integrate with another repository or a local branch\n   push      Update remote refs along with associated objects\n\n'git help -a' and 'git help -g' list available subcommands and some\nconcept guides. See 'git help <command>' or 'git help <concept>'\nto read about a specific subcommand or concept.\nSee 'git help git' for an overview of the system.\n""
[0m22:51:35.247536 [debug] [MainThread]: STDERR: "b''"
[0m22:51:35.247536 [info ] [MainThread]:  - git [[32mOK found[0m]

[0m22:51:35.248565 [info ] [MainThread]: Connection test skipped since no profile was found
[0m22:51:35.249547 [info ] [MainThread]: [31m2 checks failed:[0m
[0m22:51:35.249547 [info ] [MainThread]: Could not load dbt_project.yml
Profile loading failed for the following reason:
Runtime Error
  Credentials in profile "datawarehouse", target "dev" invalid: ['port'] is not valid under any of the given schemas


[0m22:51:35.250549 [info ] [MainThread]: Project loading failed for the following reason:
 project path <C:\Users\Arthur Coutinho\Desktop\Arthur Coutinho\Python\ETL-dbt\dbt_project.yml> not found

[0m22:51:35.251548 [debug] [MainThread]: Command `dbt debug` failed at 22:51:35.251548 after 0.27 seconds
[0m22:51:35.252547 [debug] [MainThread]: Sending event: {'category': 'dbt', 'action': 'invocation', 'label': 'end', 'context': [<snowplow_tracker.self_describing_json.SelfDescribingJson object at 0x000002A39EEEDC40>, <snowplow_tracker.self_describing_json.SelfDescribingJson object at 0x000002A39EDE8740>, <snowplow_tracker.self_describing_json.SelfDescribingJson object at 0x000002A39EF71280>]}
[0m22:51:35.252547 [debug] [MainThread]: Flushing usage events
[0m22:52:18.054732 [debug] [MainThread]: Sending event: {'category': 'dbt', 'action': 'invocation', 'label': 'start', 'context': [<snowplow_tracker.self_describing_json.SelfDescribingJson object at 0x0000029FF9F7C6E0>, <snowplow_tracker.self_describing_json.SelfDescribingJson object at 0x0000029FF9F7E030>, <snowplow_tracker.self_describing_json.SelfDescribingJson object at 0x0000029FF9F7FBF0>]}


============================== 22:52:18.059009 | e9a2e96a-ae80-4f12-8610-77176233ca90 ==============================
[0m22:52:18.059009 [info ] [MainThread]: Running with dbt=1.7.17
[0m22:52:18.060007 [debug] [MainThread]: running dbt with arguments {'printer_width': '80', 'indirect_selection': 'eager', 'write_json': 'True', 'log_cache_events': 'False', 'partial_parse': 'True', 'cache_selected_only': 'False', 'profiles_dir': 'C:\\Users\\Arthur Coutinho\\.dbt', 'debug': 'False', 'fail_fast': 'False', 'log_path': 'logs', 'version_check': 'True', 'warn_error': 'None', 'use_colors': 'True', 'use_experimental_parser': 'False', 'no_print': 'None', 'quiet': 'False', 'warn_error_options': 'WarnErrorOptions(include=[], exclude=[])', 'static_parser': 'True', 'invocation_command': 'dbt debug', 'introspect': 'True', 'target_path': 'None', 'log_format': 'default', 'send_anonymous_usage_stats': 'True'}
[0m22:52:18.061008 [info ] [MainThread]: dbt version: 1.7.17
[0m22:52:18.062008 [info ] [MainThread]: python version: 3.12.0
[0m22:52:18.062008 [info ] [MainThread]: python path: C:\Users\Arthur Coutinho\Desktop\Arthur Coutinho\Python\ETL-dbt\venv\Scripts\python.exe
[0m22:52:18.063007 [info ] [MainThread]: os info: Windows-11-10.0.22631-SP0
[0m22:52:18.138866 [info ] [MainThread]: Using profiles dir at C:\Users\Arthur Coutinho\.dbt
[0m22:52:18.139874 [info ] [MainThread]: Using profiles.yml file at C:\Users\Arthur Coutinho\.dbt\profiles.yml
[0m22:52:18.140866 [info ] [MainThread]: Using dbt_project.yml file at C:\Users\Arthur Coutinho\Desktop\Arthur Coutinho\Python\ETL-dbt\dbt_project.yml
[0m22:52:18.141869 [info ] [MainThread]: adapter type: mysql
[0m22:52:18.142870 [info ] [MainThread]: adapter version: 1.7.0
[0m22:52:18.143870 [info ] [MainThread]: Configuration:
[0m22:52:18.143870 [info ] [MainThread]:   profiles.yml file [[32mOK found and valid[0m]
[0m22:52:18.144869 [info ] [MainThread]:   dbt_project.yml file [[31mERROR not found[0m]
[0m22:52:18.144869 [info ] [MainThread]: Required dependencies:
[0m22:52:18.145869 [debug] [MainThread]: Executing "git --help"
[0m22:52:18.199943 [debug] [MainThread]: STDOUT: "b"usage: git [-v | --version] [-h | --help] [-C <path>] [-c <name>=<value>]\n           [--exec-path[=<path>]] [--html-path] [--man-path] [--info-path]\n           [-p | --paginate | -P | --no-pager] [--no-replace-objects] [--bare]\n           [--git-dir=<path>] [--work-tree=<path>] [--namespace=<name>]\n           [--super-prefix=<path>] [--config-env=<name>=<envvar>]\n           <command> [<args>]\n\nThese are common Git commands used in various situations:\n\nstart a working area (see also: git help tutorial)\n   clone     Clone a repository into a new directory\n   init      Create an empty Git repository or reinitialize an existing one\n\nwork on the current change (see also: git help everyday)\n   add       Add file contents to the index\n   mv        Move or rename a file, a directory, or a symlink\n   restore   Restore working tree files\n   rm        Remove files from the working tree and from the index\n\nexamine the history and state (see also: git help revisions)\n   bisect    Use binary search to find the commit that introduced a bug\n   diff      Show changes between commits, commit and working tree, etc\n   grep      Print lines matching a pattern\n   log       Show commit logs\n   show      Show various types of objects\n   status    Show the working tree status\n\ngrow, mark and tweak your common history\n   branch    List, create, or delete branches\n   commit    Record changes to the repository\n   merge     Join two or more development histories together\n   rebase    Reapply commits on top of another base tip\n   reset     Reset current HEAD to the specified state\n   switch    Switch branches\n   tag       Create, list, delete or verify a tag object signed with GPG\n\ncollaborate (see also: git help workflows)\n   fetch     Download objects and refs from another repository\n   pull      Fetch from and integrate with another repository or a local branch\n   push      Update remote refs along with associated objects\n\n'git help -a' and 'git help -g' list available subcommands and some\nconcept guides. See 'git help <command>' or 'git help <concept>'\nto read about a specific subcommand or concept.\nSee 'git help git' for an overview of the system.\n""
[0m22:52:18.200950 [debug] [MainThread]: STDERR: "b''"
[0m22:52:18.201943 [info ] [MainThread]:  - git [[32mOK found[0m]

[0m22:52:18.202943 [info ] [MainThread]: Connection:
[0m22:52:18.203953 [info ] [MainThread]:   server: localhost
[0m22:52:18.203953 [info ] [MainThread]:   unix_socket: None
[0m22:52:18.204944 [info ] [MainThread]:   port: 3306
[0m22:52:18.205943 [info ] [MainThread]:   database: None
[0m22:52:18.205943 [info ] [MainThread]:   schema: public
[0m22:52:18.206945 [info ] [MainThread]:   user: arthur
[0m22:52:18.206945 [info ] [MainThread]: Registered adapter: mysql=1.7.0
[0m22:52:18.209035 [debug] [MainThread]: Acquiring new mysql connection 'debug'
[0m22:52:18.210035 [debug] [MainThread]: Using mysql connection "debug"
[0m22:52:18.210035 [debug] [MainThread]: On debug: select 1 as id
[0m22:52:18.211036 [debug] [MainThread]: Opening a new connection, currently in state init
[0m22:52:18.273628 [debug] [MainThread]: SQL status: SUCCESS 1 in 0.0 seconds
[0m22:52:18.274632 [debug] [MainThread]: On debug: Close
[0m22:52:18.275628 [info ] [MainThread]:   Connection test: [[32mOK connection ok[0m]

[0m22:52:18.275628 [info ] [MainThread]: [31m1 check failed:[0m
[0m22:52:18.277142 [info ] [MainThread]: Project loading failed for the following reason:
 project path <C:\Users\Arthur Coutinho\Desktop\Arthur Coutinho\Python\ETL-dbt\dbt_project.yml> not found

[0m22:52:18.279147 [debug] [MainThread]: Command `dbt debug` failed at 22:52:18.278147 after 0.33 seconds
[0m22:52:18.279147 [debug] [MainThread]: Connection 'debug' was properly closed.
[0m22:52:18.279147 [debug] [MainThread]: Sending event: {'category': 'dbt', 'action': 'invocation', 'label': 'end', 'context': [<snowplow_tracker.self_describing_json.SelfDescribingJson object at 0x0000029FF9CADFA0>, <snowplow_tracker.self_describing_json.SelfDescribingJson object at 0x0000029FF9A02B10>, <snowplow_tracker.self_describing_json.SelfDescribingJson object at 0x0000029FF9A17140>]}
[0m22:52:18.280155 [debug] [MainThread]: Flushing usage events
